Traceback (most recent call last):
  File "C:\Users\Elite\myBot\bot.py", line 467, in <module>
    main()
  File "C:\Users\Elite\myBot\bot.py", line 443, in main
    print("\U0001f680 بدء تشغيل بوت المسابقات المتقدم مع النظام الجديد...")
  File "C:\Users\Elite\AppData\Local\Programs\Python\Python312\Lib\encodings\cp1256.py", line 19, in encode
    return codecs.charmap_encode(input,self.errors,encoding_table)[0]
           ^^^^^^^^^^^^^^^^^^^^^^^^^^^^^^^^^^^^^^^^^^^^^^^^^^^^^^^
UnicodeEncodeError: 'charmap' codec can't encode character '\U0001f680' in position 0: character maps to <undefined>
Traceback (most recent call last):
  File "C:\Users\Elite\myBot\bot.py", line 467, in <module>
    main()
  File "C:\Users\Elite\myBot\bot.py", line 443, in main
    print("\U0001f680 بدء تشغيل بوت المسابقات المتقدم مع النظام الجديد...")
  File "C:\Users\Elite\AppData\Local\Programs\Python\Python312\Lib\encodings\cp1256.py", line 19, in encode
    return codecs.charmap_encode(input,self.errors,encoding_table)[0]
           ^^^^^^^^^^^^^^^^^^^^^^^^^^^^^^^^^^^^^^^^^^^^^^^^^^^^^^^
UnicodeEncodeError: 'charmap' codec can't encode character '\U0001f680' in position 0: character maps to <undefined>
Traceback (most recent call last):
  File "C:\Users\Elite\myBot\bot.py", line 467, in <module>
    main()
  File "C:\Users\Elite\myBot\bot.py", line 443, in main
    print("\U0001f680 بدء تشغيل بوت المسابقات المتقدم مع النظام الجديد...")
  File "C:\Users\Elite\AppData\Local\Programs\Python\Python312\Lib\encodings\cp1256.py", line 19, in encode
    return codecs.charmap_encode(input,self.errors,encoding_table)[0]
           ^^^^^^^^^^^^^^^^^^^^^^^^^^^^^^^^^^^^^^^^^^^^^^^^^^^^^^^
UnicodeEncodeError: 'charmap' codec can't encode character '\U0001f680' in position 0: character maps to <undefined>
Traceback (most recent call last):
  File "C:\Users\Elite\myBot\bot.py", line 467, in <module>
    main()
  File "C:\Users\Elite\myBot\bot.py", line 443, in main
    print("\U0001f680 بدء تشغيل بوت المسابقات المتقدم مع النظام الجديد...")
  File "C:\Users\Elite\AppData\Local\Programs\Python\Python312\Lib\encodings\cp1256.py", line 19, in encode
    return codecs.charmap_encode(input,self.errors,encoding_table)[0]
           ^^^^^^^^^^^^^^^^^^^^^^^^^^^^^^^^^^^^^^^^^^^^^^^^^^^^^^^
UnicodeEncodeError: 'charmap' codec can't encode character '\U0001f680' in position 0: character maps to <undefined>
Traceback (most recent call last):
  File "C:\Users\Elite\myBot\bot.py", line 467, in <module>
    main()
  File "C:\Users\Elite\myBot\bot.py", line 443, in main
    print("\U0001f680 بدء تشغيل بوت المسابقات المتقدم مع النظام الجديد...")
  File "C:\Users\Elite\AppData\Local\Programs\Python\Python312\Lib\encodings\cp1256.py", line 19, in encode
    return codecs.charmap_encode(input,self.errors,encoding_table)[0]
           ^^^^^^^^^^^^^^^^^^^^^^^^^^^^^^^^^^^^^^^^^^^^^^^^^^^^^^^
UnicodeEncodeError: 'charmap' codec can't encode character '\U0001f680' in position 0: character maps to <undefined>
Traceback (most recent call last):
  File "C:\Users\Elite\myBot\bot.py", line 467, in <module>
    main()
  File "C:\Users\Elite\myBot\bot.py", line 443, in main
    print("\U0001f680 بدء تشغيل بوت المسابقات المتقدم مع النظام الجديد...")
  File "C:\Users\Elite\AppData\Local\Programs\Python\Python312\Lib\encodings\cp1256.py", line 19, in encode
    return codecs.charmap_encode(input,self.errors,encoding_table)[0]
           ^^^^^^^^^^^^^^^^^^^^^^^^^^^^^^^^^^^^^^^^^^^^^^^^^^^^^^^
UnicodeEncodeError: 'charmap' codec can't encode character '\U0001f680' in position 0: character maps to <undefined>
Traceback (most recent call last):
  File "C:\Users\Elite\myBot\bot.py", line 467, in <module>
    main()
  File "C:\Users\Elite\myBot\bot.py", line 443, in main
    print("\U0001f680 بدء تشغيل بوت المسابقات المتقدم مع النظام الجديد...")
  File "C:\Users\Elite\AppData\Local\Programs\Python\Python312\Lib\encodings\cp1256.py", line 19, in encode
    return codecs.charmap_encode(input,self.errors,encoding_table)[0]
           ^^^^^^^^^^^^^^^^^^^^^^^^^^^^^^^^^^^^^^^^^^^^^^^^^^^^^^^
UnicodeEncodeError: 'charmap' codec can't encode character '\U0001f680' in position 0: character maps to <undefined>
Traceback (most recent call last):
  File "C:\Users\Elite\myBot\bot.py", line 467, in <module>
    main()
  File "C:\Users\Elite\myBot\bot.py", line 443, in main
    print("\U0001f680 بدء تشغيل بوت المسابقات المتقدم مع النظام الجديد...")
  File "C:\Users\Elite\AppData\Local\Programs\Python\Python312\Lib\encodings\cp1256.py", line 19, in encode
    return codecs.charmap_encode(input,self.errors,encoding_table)[0]
           ^^^^^^^^^^^^^^^^^^^^^^^^^^^^^^^^^^^^^^^^^^^^^^^^^^^^^^^
UnicodeEncodeError: 'charmap' codec can't encode character '\U0001f680' in position 0: character maps to <undefined>
Traceback (most recent call last):
  File "C:\Users\Elite\myBot\bot.py", line 467, in <module>
    main()
  File "C:\Users\Elite\myBot\bot.py", line 443, in main
    print("\U0001f680 بدء تشغيل بوت المسابقات المتقدم مع النظام الجديد...")
  File "C:\Users\Elite\AppData\Local\Programs\Python\Python312\Lib\encodings\cp1256.py", line 19, in encode
    return codecs.charmap_encode(input,self.errors,encoding_table)[0]
           ^^^^^^^^^^^^^^^^^^^^^^^^^^^^^^^^^^^^^^^^^^^^^^^^^^^^^^^
UnicodeEncodeError: 'charmap' codec can't encode character '\U0001f680' in position 0: character maps to <undefined>
Traceback (most recent call last):
  File "C:\Users\Elite\myBot\bot.py", line 467, in <module>
    main()
  File "C:\Users\Elite\myBot\bot.py", line 443, in main
    print("\U0001f680 بدء تشغيل بوت المسابقات المتقدم مع النظام الجديد...")
  File "C:\Users\Elite\AppData\Local\Programs\Python\Python312\Lib\encodings\cp1256.py", line 19, in encode
    return codecs.charmap_encode(input,self.errors,encoding_table)[0]
           ^^^^^^^^^^^^^^^^^^^^^^^^^^^^^^^^^^^^^^^^^^^^^^^^^^^^^^^
UnicodeEncodeError: 'charmap' codec can't encode character '\U0001f680' in position 0: character maps to <undefined>
Traceback (most recent call last):
  File "C:\Users\Elite\myBot\bot.py", line 467, in <module>
    main()
  File "C:\Users\Elite\myBot\bot.py", line 443, in main
    print("\U0001f680 بدء تشغيل بوت المسابقات المتقدم مع النظام الجديد...")
  File "C:\Users\Elite\AppData\Local\Programs\Python\Python312\Lib\encodings\cp1256.py", line 19, in encode
    return codecs.charmap_encode(input,self.errors,encoding_table)[0]
           ^^^^^^^^^^^^^^^^^^^^^^^^^^^^^^^^^^^^^^^^^^^^^^^^^^^^^^^
UnicodeEncodeError: 'charmap' codec can't encode character '\U0001f680' in position 0: character maps to <undefined>
Traceback (most recent call last):
  File "C:\Users\Elite\myBot\bot.py", line 467, in <module>
    main()
  File "C:\Users\Elite\myBot\bot.py", line 443, in main
    print("\U0001f680 بدء تشغيل بوت المسابقات المتقدم مع النظام الجديد...")
  File "C:\Users\Elite\AppData\Local\Programs\Python\Python312\Lib\encodings\cp1256.py", line 19, in encode
    return codecs.charmap_encode(input,self.errors,encoding_table)[0]
           ^^^^^^^^^^^^^^^^^^^^^^^^^^^^^^^^^^^^^^^^^^^^^^^^^^^^^^^
UnicodeEncodeError: 'charmap' codec can't encode character '\U0001f680' in position 0: character maps to <undefined>
Traceback (most recent call last):
  File "C:\Users\Elite\myBot\bot.py", line 467, in <module>
    main()
  File "C:\Users\Elite\myBot\bot.py", line 443, in main
    print("\U0001f680 بدء تشغيل بوت المسابقات المتقدم مع النظام الجديد...")
  File "C:\Users\Elite\AppData\Local\Programs\Python\Python312\Lib\encodings\cp1256.py", line 19, in encode
    return codecs.charmap_encode(input,self.errors,encoding_table)[0]
           ^^^^^^^^^^^^^^^^^^^^^^^^^^^^^^^^^^^^^^^^^^^^^^^^^^^^^^^
UnicodeEncodeError: 'charmap' codec can't encode character '\U0001f680' in position 0: character maps to <undefined>
Traceback (most recent call last):
  File "C:\Users\Elite\myBot\bot.py", line 467, in <module>
    main()
  File "C:\Users\Elite\myBot\bot.py", line 443, in main
    print("\U0001f680 بدء تشغيل بوت المسابقات المتقدم مع النظام الجديد...")
  File "C:\Users\Elite\AppData\Local\Programs\Python\Python312\Lib\encodings\cp1256.py", line 19, in encode
    return codecs.charmap_encode(input,self.errors,encoding_table)[0]
           ^^^^^^^^^^^^^^^^^^^^^^^^^^^^^^^^^^^^^^^^^^^^^^^^^^^^^^^
UnicodeEncodeError: 'charmap' codec can't encode character '\U0001f680' in position 0: character maps to <undefined>
Traceback (most recent call last):
  File "C:\Users\Elite\myBot\bot.py", line 467, in <module>
    main()
  File "C:\Users\Elite\myBot\bot.py", line 443, in main
    print("\U0001f680 بدء تشغيل بوت المسابقات المتقدم مع النظام الجديد...")
  File "C:\Users\Elite\AppData\Local\Programs\Python\Python312\Lib\encodings\cp1256.py", line 19, in encode
    return codecs.charmap_encode(input,self.errors,encoding_table)[0]
           ^^^^^^^^^^^^^^^^^^^^^^^^^^^^^^^^^^^^^^^^^^^^^^^^^^^^^^^
UnicodeEncodeError: 'charmap' codec can't encode character '\U0001f680' in position 0: character maps to <undefined>
Traceback (most recent call last):
  File "C:\Users\Elite\myBot\bot.py", line 467, in <module>
    main()
  File "C:\Users\Elite\myBot\bot.py", line 443, in main
    print("\U0001f680 بدء تشغيل بوت المسابقات المتقدم مع النظام الجديد...")
  File "C:\Users\Elite\AppData\Local\Programs\Python\Python312\Lib\encodings\cp1256.py", line 19, in encode
    return codecs.charmap_encode(input,self.errors,encoding_table)[0]
           ^^^^^^^^^^^^^^^^^^^^^^^^^^^^^^^^^^^^^^^^^^^^^^^^^^^^^^^
UnicodeEncodeError: 'charmap' codec can't encode character '\U0001f680' in position 0: character maps to <undefined>
Traceback (most recent call last):
  File "C:\Users\Elite\myBot\bot.py", line 467, in <module>
    main()
  File "C:\Users\Elite\myBot\bot.py", line 443, in main
    print("\U0001f680 بدء تشغيل بوت المسابقات المتقدم مع النظام الجديد...")
  File "C:\Users\Elite\AppData\Local\Programs\Python\Python312\Lib\encodings\cp1256.py", line 19, in encode
    return codecs.charmap_encode(input,self.errors,encoding_table)[0]
           ^^^^^^^^^^^^^^^^^^^^^^^^^^^^^^^^^^^^^^^^^^^^^^^^^^^^^^^
UnicodeEncodeError: 'charmap' codec can't encode character '\U0001f680' in position 0: character maps to <undefined>
Traceback (most recent call last):
  File "C:\Users\Elite\myBot\bot.py", line 467, in <module>
    main()
  File "C:\Users\Elite\myBot\bot.py", line 443, in main
    print("\U0001f680 بدء تشغيل بوت المسابقات المتقدم مع النظام الجديد...")
  File "C:\Users\Elite\AppData\Local\Programs\Python\Python312\Lib\encodings\cp1256.py", line 19, in encode
    return codecs.charmap_encode(input,self.errors,encoding_table)[0]
           ^^^^^^^^^^^^^^^^^^^^^^^^^^^^^^^^^^^^^^^^^^^^^^^^^^^^^^^
UnicodeEncodeError: 'charmap' codec can't encode character '\U0001f680' in position 0: character maps to <undefined>
Traceback (most recent call last):
  File "C:\Users\Elite\myBot\bot.py", line 467, in <module>
    main()
  File "C:\Users\Elite\myBot\bot.py", line 443, in main
    print("\U0001f680 بدء تشغيل بوت المسابقات المتقدم مع النظام الجديد...")
  File "C:\Users\Elite\AppData\Local\Programs\Python\Python312\Lib\encodings\cp1256.py", line 19, in encode
    return codecs.charmap_encode(input,self.errors,encoding_table)[0]
           ^^^^^^^^^^^^^^^^^^^^^^^^^^^^^^^^^^^^^^^^^^^^^^^^^^^^^^^
UnicodeEncodeError: 'charmap' codec can't encode character '\U0001f680' in position 0: character maps to <undefined>
